<?xml version="1.0" encoding="UTF-8"?>
<testsuite xmlns:xsi="http://www.w3.org/2001/XMLSchema-instance" xsi:noNamespaceSchemaLocation="https://maven.apache.org/surefire/maven-surefire-plugin/xsd/surefire-test-report.xsd" name="testService.TestCalculate" time="0.072" tests="5" errors="0" skipped="0" failures="0">
  <properties>
[...]
</properties>
  <testcase name="mapTestfail" classname="testService.TestCalculate" time="0.002"/>
  <testcase name="mapTestpass" classname="testService.TestCalculate" time="0"/>
  <testcase name="testCalkg" classname="testService.TestCalculate" time="0.004"/>
  <testcase name="testCalg" classname="testService.TestCalculate" time="0.001"/>
  <testcase name="testCalm" classname="testService.TestCalculate" time="0"/>
</testsuite>